2024-10-04 23:52:52,233 | asyncio | DEBUG | Using selector: EpollSelector:]
2024-10-04 23:52:52,243 | hypercorn.error | INFO | Running on http://192.168.100.8:54321 (CTRL + C to quit):]
2024-10-04 23:52:52,243 | websockets.server | INFO | server listening on 192.168.100.8:54322:]
2024-10-04 23:53:01,113 | websockets.server | DEBUG | = connection is CONNECTING:]
2024-10-04 23:53:01,113 | websockets.server | DEBUG | < GET /ws HTTP/1.1:]
2024-10-04 23:53:01,114 | websockets.server | DEBUG | < Upgrade: websocket:]
2024-10-04 23:53:01,114 | websockets.server | DEBUG | < Host: 192.168.100.8:54322:]
2024-10-04 23:53:01,114 | websockets.server | DEBUG | < Origin: http://192.168.100.8:54322:]
2024-10-04 23:53:01,114 | websockets.server | DEBUG | < Sec-WebSocket-Key: 7JaPDEXUCu/JVLiw2XziYg==:]
2024-10-04 23:53:01,114 | websockets.server | DEBUG | < Sec-WebSocket-Version: 13:]
2024-10-04 23:53:01,114 | websockets.server | DEBUG | < Connection: Upgrade:]
2024-10-04 23:53:01,115 | websockets.server | DEBUG | > HTTP/1.1 101 Switching Protocols:]
2024-10-04 23:53:01,115 | websockets.server | DEBUG | > Upgrade: websocket:]
2024-10-04 23:53:01,115 | websockets.server | DEBUG | > Connection: Upgrade:]
2024-10-04 23:53:01,115 | websockets.server | DEBUG | > Sec-WebSocket-Accept: EWd5K66psgXUlDyRQpNtKT8oHIU=:]
2024-10-04 23:53:01,115 | websockets.server | DEBUG | > Date: Fri, 04 Oct 2024 20:53:01 GMT:]
2024-10-04 23:53:01,115 | websockets.server | DEBUG | > Server: Python/3.12 websockets/12.0:]
2024-10-04 23:53:01,115 | websockets.server | INFO | connection open:]
2024-10-04 23:53:01,115 | websockets.server | DEBUG | = connection is OPEN:]
2024-10-04 23:53:01,115 | __main__ | INFO | Client connected:]
2024-10-04 23:53:09,231 | __main__ | INFO | getting chess arr from digitalization:]
2024-10-04 23:53:09,231 | digital_figures | INFO | get new image:]
2024-10-04 23:53:09,231 | digital_figures | INFO | detecting chessboard:]
2024-10-04 23:53:09,231 | digital_figures | INFO | detecting chessboard in detect_chessboard:]
2024-10-04 23:53:13,219 | digital_figures | INFO | ready chessboard predict:]
2024-10-04 23:53:15,632 | __main__ | INFO | getting chess arr from digitalization:]
2024-10-04 23:53:15,632 | digital_figures | INFO | get new image:]
2024-10-04 23:53:15,632 | digital_figures | INFO | detecting chessboard:]
2024-10-04 23:53:15,632 | digital_figures | INFO | detecting chessboard in detect_chessboard:]
2024-10-04 23:53:16,278 | digital_figures | INFO | ready chessboard predict:]
2024-10-04 23:53:16,279 | digital_figures | INFO | generating perspective matrix:]
2024-10-04 23:53:16,281 | digital_figures | INFO | detecting figures:]
2024-10-04 23:53:18,893 | digital_figures | INFO | assigning figures to cells:]
2024-10-04 23:53:18,894 | digital_figures | INFO | sending figures:]
2024-10-04 23:53:19,572 | __main__ | INFO | got chess arr from digitalization:]
2024-10-04 23:53:19,573 | __main__ | INFO | [[20 20 20 20 20 20 20 20]
 [20 20 20 20 20 20 20 20]
 [20 20 20 20 20 20 20 20]
 [20 20 20 20 20 20 20 20]
 [20 20 20 20 20 20 20 20]
 [20 20 20 20 20 20 20 20]
 [20 20 20 20 20 20 20 20]
 [20 20 20 20 20 20 20 20]]:]
2024-10-04 23:53:19,574 | __main__ | INFO | putting chess arr into queue:]
2024-10-04 23:53:20,145 | __main__ | INFO | sending data:]
2024-10-04 23:53:20,146 | websockets.server | DEBUG | > BINARY 14 00 00 00 14 00 00 00 14 00 00 00 14 00 00 00 ... 14 00 00 00 14 00 00 00 [256 bytes]:]
2024-10-04 23:53:21,116 | websockets.server | DEBUG | % sending keepalive ping:]
2024-10-04 23:53:21,117 | websockets.server | DEBUG | > PING 5f be 33 3f [binary, 4 bytes]:]
2024-10-04 23:53:21,118 | websockets.server | DEBUG | < PONG 5f be 33 3f [binary, 4 bytes]:]
2024-10-04 23:53:21,118 | websockets.server | DEBUG | % received keepalive pong:]
2024-10-04 23:53:21,703 | __main__ | INFO | getting chess arr from digitalization:]
2024-10-04 23:53:21,703 | digital_figures | INFO | get new image:]
2024-10-04 23:53:21,703 | digital_figures | INFO | detecting chessboard:]
2024-10-04 23:53:21,703 | digital_figures | INFO | detecting chessboard in detect_chessboard:]
2024-10-04 23:53:22,451 | digital_figures | INFO | ready chessboard predict:]
2024-10-04 23:53:24,881 | __main__ | INFO | getting chess arr from digitalization:]
2024-10-04 23:53:24,881 | digital_figures | INFO | get new image:]
2024-10-04 23:53:24,881 | digital_figures | INFO | detecting chessboard:]
2024-10-04 23:53:24,881 | digital_figures | INFO | detecting chessboard in detect_chessboard:]
2024-10-04 23:53:25,576 | digital_figures | INFO | ready chessboard predict:]
2024-10-04 23:53:28,035 | __main__ | INFO | getting chess arr from digitalization:]
2024-10-04 23:53:28,036 | digital_figures | INFO | get new image:]
2024-10-04 23:53:28,036 | digital_figures | INFO | detecting chessboard:]
2024-10-04 23:53:28,036 | digital_figures | INFO | detecting chessboard in detect_chessboard:]
2024-10-04 23:53:28,635 | digital_figures | INFO | ready chessboard predict:]
2024-10-04 23:53:28,635 | digital_figures | INFO | generating perspective matrix:]
2024-10-04 23:53:28,636 | digital_figures | INFO | detecting figures:]
2024-10-04 23:53:29,234 | digital_figures | INFO | assigning figures to cells:]
2024-10-04 23:53:29,234 | digital_figures | INFO | sending figures:]
2024-10-04 23:53:29,242 | __main__ | INFO | got chess arr from digitalization:]
2024-10-04 23:53:29,242 | __main__ | INFO | [[20 20 20 20 20 20 20 20]
 [20 20 20 20 20 20 20 20]
 [20 20 20 20 20 20 20 20]
 [20 20 20 20 20 20 20 20]
 [20 20 20 20 20 20 20 20]
 [20 20 20 20 20 20 20 20]
 [20 20 20 20 20 20 20 20]
 [20 20 20 20 20 20 20 20]]:]
2024-10-04 23:53:29,243 | __main__ | INFO | putting chess arr into queue:]
2024-10-04 23:53:30,159 | __main__ | INFO | sending data:]
2024-10-04 23:53:30,160 | websockets.server | DEBUG | > BINARY 14 00 00 00 14 00 00 00 14 00 00 00 14 00 00 00 ... 14 00 00 00 14 00 00 00 [256 bytes]:]
2024-10-04 23:53:31,194 | __main__ | INFO | getting chess arr from digitalization:]
2024-10-04 23:53:31,194 | digital_figures | INFO | get new image:]
2024-10-04 23:53:31,194 | digital_figures | INFO | detecting chessboard:]
2024-10-04 23:53:31,194 | digital_figures | INFO | detecting chessboard in detect_chessboard:]
2024-10-04 23:53:31,870 | digital_figures | INFO | ready chessboard predict:]
2024-10-04 23:53:31,870 | digital_figures | INFO | generating perspective matrix:]
2024-10-04 23:53:31,871 | digital_figures | INFO | detecting figures:]
2024-10-04 23:53:32,517 | digital_figures | INFO | assigning figures to cells:]
2024-10-04 23:53:32,517 | digital_figures | INFO | sending figures:]
2024-10-04 23:53:32,536 | __main__ | INFO | got chess arr from digitalization:]
2024-10-04 23:53:32,536 | __main__ | INFO | [[20 20 20 20 20 20 20 20]
 [20 20 20 20 20 20 20 20]
 [20 20 20 20 20 20 20 20]
 [20 20 20 20 20 20 20 20]
 [20 20 20 20 20 20 20 20]
 [20 20 20 20 20 20 20 20]
 [20 20 20 20 20 20 20 20]
 [20 20 20 20 20 20 20 20]]:]
2024-10-04 23:53:32,537 | __main__ | INFO | putting chess arr into queue:]
2024-10-04 23:53:33,163 | __main__ | INFO | sending data:]
2024-10-04 23:53:33,163 | websockets.server | DEBUG | > BINARY 14 00 00 00 14 00 00 00 14 00 00 00 14 00 00 00 ... 14 00 00 00 14 00 00 00 [256 bytes]:]
2024-10-04 23:53:34,489 | __main__ | INFO | getting chess arr from digitalization:]
2024-10-04 23:53:34,489 | digital_figures | INFO | get new image:]
2024-10-04 23:53:34,489 | digital_figures | INFO | detecting chessboard:]
2024-10-04 23:53:34,489 | digital_figures | INFO | detecting chessboard in detect_chessboard:]
2024-10-04 23:53:35,247 | digital_figures | INFO | ready chessboard predict:]
2024-10-04 23:53:35,247 | digital_figures | INFO | generating perspective matrix:]
2024-10-04 23:53:35,248 | digital_figures | INFO | detecting figures:]
2024-10-04 23:53:35,800 | digital_figures | INFO | assigning figures to cells:]
2024-10-04 23:53:35,800 | digital_figures | INFO | sending figures:]
2024-10-04 23:53:35,812 | __main__ | INFO | got chess arr from digitalization:]
2024-10-04 23:53:35,812 | __main__ | INFO | [[20 20 20 20 20 20 20 20]
 [20 20 20 20 20 20 20 20]
 [20 20 20 20 20 20 20 20]
 [20 20 20 20 20 20 20 20]
 [20 20 20 20 20 20 20 20]
 [20 20 20 20 20 20 20 20]
 [20 20 20 20 20 20 20 20]
 [20 20 20 20 20 20 20 20]]:]
2024-10-04 23:53:35,813 | __main__ | INFO | putting chess arr into queue:]
2024-10-04 23:53:36,166 | __main__ | INFO | sending data:]
2024-10-04 23:53:36,167 | websockets.server | DEBUG | > BINARY 14 00 00 00 14 00 00 00 14 00 00 00 14 00 00 00 ... 14 00 00 00 14 00 00 00 [256 bytes]:]
2024-10-04 23:53:37,517 | __main__ | INFO | getting chess arr from digitalization:]
2024-10-04 23:53:37,517 | digital_figures | INFO | get new image:]
2024-10-04 23:53:37,518 | digital_figures | INFO | detecting chessboard:]
2024-10-04 23:53:37,518 | digital_figures | INFO | detecting chessboard in detect_chessboard:]
2024-10-04 23:53:38,298 | digital_figures | INFO | ready chessboard predict:]
2024-10-04 23:53:38,298 | digital_figures | INFO | generating perspective matrix:]
2024-10-04 23:53:38,299 | digital_figures | INFO | detecting figures:]
2024-10-04 23:53:38,946 | digital_figures | INFO | assigning figures to cells:]
2024-10-04 23:53:38,946 | digital_figures | INFO | sending figures:]
2024-10-04 23:53:38,958 | __main__ | INFO | got chess arr from digitalization:]
2024-10-04 23:53:38,958 | __main__ | INFO | [[20 20 20 20 20 20 20 20]
 [20 20 20 20 20 20 20 20]
 [20 20 20 20 20 20 20 20]
 [20 20 20 20 20 20 20 20]
 [20 20 20 20 20 20 20 20]
 [20 20 20 20 20 20 20 20]
 [20 20 20 20 20 20 20 20]
 [20 20 20 20 20 20 20 20]]:]
2024-10-04 23:53:38,958 | __main__ | INFO | putting chess arr into queue:]
2024-10-04 23:53:39,171 | __main__ | INFO | sending data:]
2024-10-04 23:53:39,171 | websockets.server | DEBUG | > BINARY 14 00 00 00 14 00 00 00 14 00 00 00 14 00 00 00 ... 14 00 00 00 14 00 00 00 [256 bytes]:]
2024-10-04 23:53:40,567 | __main__ | INFO | getting chess arr from digitalization:]
2024-10-04 23:53:40,567 | digital_figures | INFO | get new image:]
2024-10-04 23:53:40,567 | digital_figures | INFO | detecting chessboard:]
2024-10-04 23:53:40,567 | digital_figures | INFO | detecting chessboard in detect_chessboard:]
2024-10-04 23:53:41,121 | websockets.server | DEBUG | % sending keepalive ping:]
2024-10-04 23:53:41,121 | websockets.server | DEBUG | > PING 0a a8 84 b8 [binary, 4 bytes]:]
2024-10-04 23:53:41,122 | websockets.server | DEBUG | < PONG 0a a8 84 b8 [binary, 4 bytes]:]
2024-10-04 23:53:41,122 | websockets.server | DEBUG | % received keepalive pong:]
2024-10-04 23:53:41,401 | digital_figures | INFO | ready chessboard predict:]
2024-10-04 23:53:41,401 | digital_figures | INFO | generating perspective matrix:]
2024-10-04 23:53:41,402 | digital_figures | INFO | detecting figures:]
2024-10-04 23:53:42,041 | digital_figures | INFO | assigning figures to cells:]
2024-10-04 23:53:42,041 | digital_figures | INFO | sending figures:]
2024-10-04 23:53:42,054 | __main__ | INFO | got chess arr from digitalization:]
2024-10-04 23:53:42,054 | __main__ | INFO | [[20 20 20 20 20 20 20 20]
 [20 20 20 20 20 20 20 20]
 [20 20 20 20 20 20 20 20]
 [20 20 20 20 20 20 20 20]
 [20 20 20 20 20 20 20 20]
 [20 20 20 20 20 20 20 20]
 [20 20 20 20 20 20 20 20]
 [20 20 20 20 20 20 20 20]]:]
2024-10-04 23:53:42,055 | __main__ | INFO | putting chess arr into queue:]
2024-10-04 23:53:42,175 | __main__ | INFO | sending data:]
2024-10-04 23:53:42,175 | websockets.server | DEBUG | > BINARY 14 00 00 00 14 00 00 00 14 00 00 00 14 00 00 00 ... 14 00 00 00 14 00 00 00 [256 bytes]:]
2024-10-04 23:53:43,995 | __main__ | INFO | getting chess arr from digitalization:]
2024-10-04 23:53:43,995 | digital_figures | INFO | get new image:]
2024-10-04 23:53:43,995 | digital_figures | INFO | detecting chessboard:]
2024-10-04 23:53:43,995 | digital_figures | INFO | detecting chessboard in detect_chessboard:]
2024-10-04 23:53:44,674 | digital_figures | INFO | ready chessboard predict:]
2024-10-04 23:53:46,906 | __main__ | INFO | getting chess arr from digitalization:]
2024-10-04 23:53:46,906 | digital_figures | INFO | get new image:]
2024-10-04 23:53:46,906 | digital_figures | INFO | detecting chessboard:]
2024-10-04 23:53:46,907 | digital_figures | INFO | detecting chessboard in detect_chessboard:]
2024-10-04 23:53:47,639 | digital_figures | INFO | ready chessboard predict:]
2024-10-04 23:53:49,959 | __main__ | INFO | getting chess arr from digitalization:]
2024-10-04 23:53:49,959 | digital_figures | INFO | get new image:]
2024-10-04 23:53:49,959 | digital_figures | INFO | detecting chessboard:]
2024-10-04 23:53:49,959 | digital_figures | INFO | detecting chessboard in detect_chessboard:]
2024-10-04 23:53:50,699 | digital_figures | INFO | ready chessboard predict:]
2024-10-04 23:53:50,699 | digital_figures | INFO | generating perspective matrix:]
2024-10-04 23:53:50,700 | digital_figures | INFO | detecting figures:]
2024-10-04 23:53:51,320 | digital_figures | INFO | assigning figures to cells:]
2024-10-04 23:53:51,320 | digital_figures | INFO | sending figures:]
2024-10-04 23:53:51,328 | __main__ | INFO | got chess arr from digitalization:]
2024-10-04 23:53:51,328 | __main__ | INFO | [[20 20 20 20 20 20 20 20]
 [20 20 20 20 20 20 20 20]
 [20 20 20 20 20 20 20 20]
 [20 20 20 20 20 20 20 20]
 [20 20 20 20 20 20 20 20]
 [20 20 20 20 20 20 20 20]
 [20 20 20 20 20 20 20 20]
 [20 20 20 20 20 20 20 20]]:]
2024-10-04 23:53:51,329 | __main__ | INFO | putting chess arr into queue:]
2024-10-04 23:53:52,187 | __main__ | INFO | sending data:]
2024-10-04 23:53:52,187 | websockets.server | DEBUG | > BINARY 14 00 00 00 14 00 00 00 14 00 00 00 14 00 00 00 ... 14 00 00 00 14 00 00 00 [256 bytes]:]
2024-10-04 23:53:53,069 | __main__ | INFO | getting chess arr from digitalization:]
2024-10-04 23:53:53,069 | digital_figures | INFO | get new image:]
2024-10-04 23:53:53,069 | digital_figures | INFO | detecting chessboard:]
2024-10-04 23:53:53,069 | digital_figures | INFO | detecting chessboard in detect_chessboard:]
2024-10-04 23:53:53,775 | digital_figures | INFO | ready chessboard predict:]
2024-10-04 23:53:53,775 | digital_figures | INFO | generating perspective matrix:]
2024-10-04 23:53:53,776 | digital_figures | INFO | detecting figures:]
2024-10-04 23:53:54,389 | digital_figures | INFO | assigning figures to cells:]
2024-10-04 23:53:54,403 | digital_figures | INFO | sending figures:]
2024-10-04 23:53:54,416 | __main__ | INFO | got chess arr from digitalization:]
2024-10-04 23:53:54,416 | __main__ | INFO | [[20 20 20 20 20 20 20 20]
 [ 2 20 20 20 20 20 20 20]
 [20 20 20 20 20 20 20 20]
 [20 20 20 20 20 20 20 20]
 [20 20 20 20 20 20 20 20]
 [ 8 20 20 20 20 20 20 20]
 [20 20 20 20 20 20 20 20]
 [20 20 20 20 20 20 20 20]]:]
2024-10-04 23:53:54,416 | __main__ | INFO | putting chess arr into queue:]
2024-10-04 23:53:55,191 | __main__ | INFO | sending data:]
2024-10-04 23:53:55,191 | websockets.server | DEBUG | > BINARY 14 00 00 00 14 00 00 00 14 00 00 00 14 00 00 00 ... 14 00 00 00 14 00 00 00 [256 bytes]:]
2024-10-04 23:53:56,311 | __main__ | INFO | getting chess arr from digitalization:]
2024-10-04 23:53:56,312 | digital_figures | INFO | get new image:]
2024-10-04 23:53:56,312 | digital_figures | INFO | detecting chessboard:]
2024-10-04 23:53:56,312 | digital_figures | INFO | detecting chessboard in detect_chessboard:]
2024-10-04 23:53:56,947 | digital_figures | INFO | ready chessboard predict:]
2024-10-04 23:53:59,491 | __main__ | INFO | getting chess arr from digitalization:]
2024-10-04 23:53:59,491 | digital_figures | INFO | get new image:]
2024-10-04 23:53:59,491 | digital_figures | INFO | detecting chessboard:]
2024-10-04 23:53:59,491 | digital_figures | INFO | detecting chessboard in detect_chessboard:]
2024-10-04 23:54:00,095 | digital_figures | INFO | ready chessboard predict:]
2024-10-04 23:54:01,124 | websockets.server | DEBUG | % sending keepalive ping:]
2024-10-04 23:54:01,124 | websockets.server | DEBUG | > PING 6e 62 e8 7d [binary, 4 bytes]:]
2024-10-04 23:54:01,125 | websockets.server | DEBUG | < PONG 6e 62 e8 7d [binary, 4 bytes]:]
2024-10-04 23:54:01,125 | websockets.server | DEBUG | % received keepalive pong:]
2024-10-04 23:54:02,597 | __main__ | INFO | getting chess arr from digitalization:]
2024-10-04 23:54:02,598 | digital_figures | INFO | get new image:]
2024-10-04 23:54:02,598 | digital_figures | INFO | detecting chessboard:]
2024-10-04 23:54:02,598 | digital_figures | INFO | detecting chessboard in detect_chessboard:]
2024-10-04 23:54:03,310 | digital_figures | INFO | ready chessboard predict:]
2024-10-04 23:54:03,310 | digital_figures | INFO | generating perspective matrix:]
2024-10-04 23:54:03,310 | digital_figures | INFO | detecting figures:]
2024-10-04 23:54:03,919 | digital_figures | INFO | assigning figures to cells:]
2024-10-04 23:54:03,934 | digital_figures | INFO | sending figures:]
2024-10-04 23:54:03,945 | __main__ | INFO | got chess arr from digitalization:]
2024-10-04 23:54:03,945 | __main__ | INFO | [[20 20 20 20 20 20 20 20]
 [20 20 20 20 20 20 20 20]
 [20 20 20 20 20 20 20 20]
 [20 20 20 20 20 20 20 20]
 [20 20 20 20 20 20 20 20]
 [20 20 20 20 20 20 20 20]
 [20 20 20 20 20 20 20 20]
 [ 2 20 20 20 20 20 20 20]]:]
2024-10-04 23:54:03,946 | __main__ | INFO | putting chess arr into queue:]
2024-10-04 23:54:04,202 | __main__ | INFO | sending data:]
2024-10-04 23:54:04,203 | websockets.server | DEBUG | > BINARY 14 00 00 00 14 00 00 00 14 00 00 00 14 00 00 00 ... 14 00 00 00 14 00 00 00 [256 bytes]:]
2024-10-04 23:54:10,891 | websockets.server | DEBUG | ! failing connection with code 1006:]
2024-10-04 23:54:10,892 | websockets.server | DEBUG | = connection is CLOSED:]
2024-10-04 23:54:10,892 | websockets.server | DEBUG | x half-closing TCP connection:]
